{"meta": {"format": 3, "version": "7.14.1", "timestamp": "2026-05-28T07:00:56.786064", "branch_coverage": false, "show_contexts": false}, "files": {"src/__init__.py": {"executed_lines": [], "summary": {"covered_lines": 0, "num_statements": 0, "percent_covered": 100.0, "percent_covered_display": "100", "missing_lines": 0, "excluded_lines": 0, "percent_statements_covered": 100.0, "percent_statements_covered_display": "100"}, "missing_lines": [], "excluded_lines": [], "functions": {"": {"executed_lines": [], "summary": {"covered_lines": 0, "num_statements": 0, "percent_covered": 100.0, "percent_covered_display": "100", "missing_lines": 0, "excluded_lines": 0, "percent_statements_covered": 100.0, "percent_statements_covered_display": "100"}, "missing_lines": [], "excluded_lines": [], "start_line": 1}}, "classes": {"": {"executed_lines": [], "summary": {"covered_lines": 0, "num_statements": 0, "percent_covered": 100.0, "percent_covered_display": "100", "missing_lines": 0, "excluded_lines": 0, "percent_statements_covered": 100.0, "percent_statements_covered_display": "100"}, "missing_lines": [], "excluded_lines": [], "start_line": 1}}}, "src/main.py": {"executed_lines": [], "summary": {"covered_lines": 0, "num_statements": 40, "percent_covered": 0.0, "percent_covered_display": "0", "missing_lines": 40, "excluded_lines": 0, "percent_statements_covered": 0.0, "percent_statements_covered_display": "0"}, "missing_lines": [1, 3, 4, 6, 7, 9, 11, 12, 13, 22, 23, 24, 30, 31, 33, 34, 35, 36, 37, 39, 40, 41, 42, 43, 44, 45, 46, 48, 49, 50, 51, 54, 57, 58, 59, 60, 61, 62, 65, 66], "excluded_lines": [], "functions": {"MusicBotApp.__init__": {"executed_lines": [], "summary": {"covered_lines": 0, "num_statements": 3, "percent_covered": 0.0, "percent_covered_display": "0", "missing_lines": 3, "excluded_lines": 0, "percent_statements_covered": 0.0, "percent_statements_covered_display": "0"}, "missing_lines": [24, 30, 31], "excluded_lines": [], "start_line": 23}, "MusicBotApp.setup_hook": {"executed_lines": [], "summary": {"covered_lines": 0, "num_statements": 4, "percent_covered": 0.0, "percent_covered_display": "0", "missing_lines": 4, "excluded_lines": 0, "percent_statements_covered": 0.0, "percent_statements_covered_display": "0"}, "missing_lines": [34, 35, 36, 37], "excluded_lines": [], "start_line": 33}, "MusicBotApp.on_ready": {"executed_lines": [], "summary": {"covered_lines": 0, "num_statements": 7, "percent_covered": 0.0, "percent_covered_display": "0", "missing_lines": 7, "excluded_lines": 0, "percent_statements_covered": 0.0, "percent_statements_covered_display": "0"}, "missing_lines": [40, 41, 42, 43, 44, 45, 46], "excluded_lines": [], "start_line": 39}, "MusicBotApp.close": {"executed_lines": [], "summary": {"covered_lines": 0, "num_statements": 3, "percent_covered": 0.0, "percent_covered_display": "0", "missing_lines": 3, "excluded_lines": 0, "percent_statements_covered": 0.0, "percent_statements_covered_display": "0"}, "missing_lines": [49, 50, 51], "excluded_lines": [], "start_line": 48}, "main": {"executed_lines": [], "summary": {"covered_lines": 0, "num_statements": 5, "percent_covered": 0.0, "percent_covered_display": "0", "missing_lines": 5, "excluded_lines": 0, "percent_statements_covered": 0.0, "percent_statements_covered_display": "0"}, "missing_lines": [58, 59, 60, 61, 62], "excluded_lines": [], "start_line": 57}, "": {"executed_lines": [], "summary": {"covered_lines": 0, "num_statements": 18, "percent_covered": 0.0, "percent_covered_display": "0", "missing_lines": 18, "excluded_lines": 0, "percent_statements_covered": 0.0, "percent_statements_covered_display": "0"}, "missing_lines": [1, 3, 4, 6, 7, 9, 11, 12, 13, 22, 23, 33, 39, 48, 54, 57, 65, 66], "excluded_lines": [], "start_line": 1}}, "classes": {"MusicBotApp": {"executed_lines": [], "summary": {"covered_lines": 0, "num_statements": 17, "percent_covered": 0.0, "percent_covered_display": "0", "missing_lines": 17, "excluded_lines": 0, "percent_statements_covered": 0.0, "percent_statements_covered_display": "0"}, "missing_lines": [24, 30, 31, 34, 35, 36, 37, 40, 41, 42, 43, 44, 45, 46, 49, 50, 51], "excluded_lines": [], "start_line": 22}, "": {"executed_lines": [], "summary": {"covered_lines": 0, "num_statements": 23, "percent_covered": 0.0, "percent_covered_display": "0", "missing_lines": 23, "excluded_lines": 0, "percent_statements_covered": 0.0, "percent_statements_covered_display": "0"}, "missing_lines": [1, 3, 4, 6, 7, 9, 11, 12, 13, 22, 23, 33, 39, 48, 54, 57, 58, 59, 60, 61, 62, 65, 66], "excluded_lines": [], "start_line": 1}}}, "src/musicbot.py": {"executed_lines": [1, 2, 3, 4, 6, 7, 9, 11, 12, 13, 20, 21, 23, 25, 28, 34, 35, 36, 37, 38, 43, 44, 47, 48, 49, 50, 51, 52, 53, 54, 57, 62, 64, 70, 81, 111, 114, 123, 128, 129, 131, 133, 134, 135, 136, 137, 142, 146, 149, 150, 218, 219, 220, 231, 232, 233, 240, 241, 242, 253, 254, 255, 267, 268, 269, 277, 278, 279, 280, 281, 282, 283, 284, 286, 287, 288, 289, 295, 299, 300, 301, 303, 304, 306, 309, 310, 313, 316, 317, 330, 333, 334, 340, 343, 344, 347, 350, 351, 357, 362, 363, 377, 380, 381, 392, 393, 401, 403, 405, 406, 408, 411, 417, 418, 419, 420, 422, 423, 424, 427, 455, 457, 458, 465, 466, 467, 469, 470, 471, 474, 477], "summary": {"covered_lines": 131, "num_statements": 292, "percent_covered": 44.863013698630134, "percent_covered_display": "45", "missing_lines": 161, "excluded_lines": 0, "percent_statements_covered": 44.863013698630134, "percent_statements_covered_display": "45"}, "missing_lines": [65, 66, 67, 68, 71, 72, 73, 74, 75, 76, 77, 78, 79, 82, 83, 84, 85, 86, 87, 88, 89, 90, 91, 92, 93, 94, 95, 96, 97, 98, 99, 100, 103, 104, 105, 106, 107, 108, 109, 112, 115, 116, 117, 118, 119, 120, 121, 138, 139, 141, 151, 153, 154, 155, 157, 158, 160, 161, 162, 163, 167, 172, 173, 175, 176, 179, 181, 188, 191, 192, 193, 198, 199, 203, 210, 211, 213, 214, 215, 216, 221, 222, 227, 228, 229, 234, 235, 236, 237, 238, 243, 245, 250, 251, 256, 258, 264, 265, 270, 271, 272, 273, 274, 275, 294, 311, 318, 319, 320, 326, 328, 335, 336, 337, 338, 345, 352, 353, 354, 355, 364, 365, 366, 367, 368, 369, 370, 371, 372, 373, 374, 375, 382, 383, 387, 388, 396, 397, 398, 399, 404, 412, 415, 430, 431, 432, 433, 434, 436, 437, 438, 441, 442, 443, 445, 446, 447, 449, 452, 453, 478], "excluded_lines": [], "functions": {"_check_voice_permissions": {"executed_lines": [34, 35, 36, 37, 38, 43, 44], "summary": {"covered_lines": 7, "num_statements": 7, "percent_covered": 100.0, "percent_covered_display": "100", "missing_lines": 0, "excluded_lines": 0, "percent_statements_covered": 100.0, "percent_statements_covered_display": "100"}, "missing_lines": [], "excluded_lines": [], "start_line": 28}, "_latency_color": {"executed_lines": [48, 49, 50, 51, 52, 53, 54], "summary": {"covered_lines": 7, "num_statements": 7, "percent_covered": 100.0, "percent_covered_display": "100", "missing_lines": 0, "excluded_lines": 0, "percent_statements_covered": 100.0, "percent_statements_covered_display": "100"}, "missing_lines": [], "excluded_lines": [], "start_line": 47}, "MusicBot.__init__": {"executed_lines": [], "summary": {"covered_lines": 0, "num_statements": 4, "percent_covered": 0.0, "percent_covered_display": "0", "missing_lines": 4, "excluded_lines": 0, "percent_statements_covered": 0.0, "percent_statements_covered_display": "0"}, "missing_lines": [65, 66, 67, 68], "excluded_lines": [], "start_line": 64}, "MusicBot.get_mp": {"executed_lines": [], "summary": {"covered_lines": 0, "num_statements": 9, "percent_covered": 0.0, "percent_covered_display": "0", "missing_lines": 9, "excluded_lines": 0, "percent_statements_covered": 0.0, "percent_statements_covered_display": "0"}, "missing_lines": [71, 72, 73, 74, 75, 76, 77, 78, 79], "excluded_lines": [], "start_line": 70}, "MusicBot.cleanup": {"executed_lines": [], "summary": {"covered_lines": 0, "num_statements": 26, "percent_covered": 0.0, "percent_covered_display": "0", "missing_lines": 26, "excluded_lines": 0, "percent_statements_covered": 0.0, "percent_statements_covered_display": "0"}, "missing_lines": [82, 83, 84, 85, 86, 87, 88, 89, 90, 91, 92, 93, 94, 95, 96, 97, 98, 99, 100, 103, 104, 105, 106, 107, 108, 109], "excluded_lines": [], "start_line": 81}, "MusicBot.cog_before_invoke": {"executed_lines": [], "summary": {"covered_lines": 0, "num_statements": 1, "percent_covered": 0.0, "percent_covered_display": "0", "missing_lines": 1, "excluded_lines": 0, "percent_statements_covered": 0.0, "percent_statements_covered_display": "0"}, "missing_lines": [112], "excluded_lines": [], "start_line": 111}, "MusicBot.validate_commands": {"executed_lines": [], "summary": {"covered_lines": 0, "num_statements": 7, "percent_covered": 0.0, "percent_covered_display": "0", "missing_lines": 7, "excluded_lines": 0, "percent_statements_covered": 0.0, "percent_statements_covered_display": "0"}, "missing_lines": [115, 116, 117, 118, 119, 120, 121], "excluded_lines": [], "start_line": 114}, "MusicBot.queue_source": {"executed_lines": [128, 129, 131, 133, 134, 135, 136, 137, 142], "summary": {"covered_lines": 9, "num_statements": 12, "percent_covered": 75.0, "percent_covered_display": "75", "missing_lines": 3, "excluded_lines": 0, "percent_statements_covered": 75.0, "percent_statements_covered_display": "75"}, "missing_lines": [138, 139, 141], "excluded_lines": [], "start_line": 123}, "MusicBot.play": {"executed_lines": [], "summary": {"covered_lines": 0, "num_statements": 30, "percent_covered": 0.0, "percent_covered_display": "0", "missing_lines": 30, "excluded_lines": 0, "percent_statements_covered": 0.0, "percent_statements_covered_display": "0"}, "missing_lines": [151, 153, 154, 155, 157, 158, 160, 161, 162, 163, 167, 172, 173, 175, 176, 179, 181, 188, 191, 192, 193, 198, 199, 203, 210, 211, 213, 214, 215, 216], "excluded_lines": [], "start_line": 150}, "MusicBot.skip": {"executed_lines": [], "summary": {"covered_lines": 0, "num_statements": 5, "percent_covered": 0.0, "percent_covered_display": "0", "missing_lines": 5, "excluded_lines": 0, "percent_statements_covered": 0.0, "percent_statements_covered_display": "0"}, "missing_lines": [221, 222, 227, 228, 229], "excluded_lines": [], "start_line": 220}, "MusicBot.stop": {"executed_lines": [], "summary": {"covered_lines": 0, "num_statements": 5, "percent_covered": 0.0, "percent_covered_display": "0", "missing_lines": 5, "excluded_lines": 0, "percent_statements_covered": 0.0, "percent_statements_covered_display": "0"}, "missing_lines": [234, 235, 236, 237, 238], "excluded_lines": [], "start_line": 233}, "MusicBot.pause": {"executed_lines": [], "summary": {"covered_lines": 0, "num_statements": 4, "percent_covered": 0.0, "percent_covered_display": "0", "missing_lines": 4, "excluded_lines": 0, "percent_statements_covered": 0.0, "percent_statements_covered_display": "0"}, "missing_lines": [243, 245, 250, 251], "excluded_lines": [], "start_line": 242}, "MusicBot.resume": {"executed_lines": [], "summary": {"covered_lines": 0, "num_statements": 4, "percent_covered": 0.0, "percent_covered_display": "0", "missing_lines": 4, "excluded_lines": 0, "percent_statements_covered": 0.0, "percent_statements_covered_display": "0"}, "missing_lines": [256, 258, 264, 265], "excluded_lines": [], "start_line": 255}, "MusicBot.shuffle": {"executed_lines": [], "summary": {"covered_lines": 0, "num_statements": 6, "percent_covered": 0.0, "percent_covered_display": "0", "missing_lines": 6, "excluded_lines": 0, "percent_statements_covered": 0.0, "percent_statements_covered_display": "0"}, "missing_lines": [270, 271, 272, 273, 274, 275], "excluded_lines": [], "start_line": 269}, "MusicBot.join": {"executed_lines": [280, 281, 282, 283, 284, 286, 287, 288, 289, 295, 299, 300, 301, 303, 304], "summary": {"covered_lines": 15, "num_statements": 16, "percent_covered": 93.75, "percent_covered_display": "94", "missing_lines": 1, "excluded_lines": 0, "percent_statements_covered": 93.75, "percent_statements_covered_display": "94"}, "missing_lines": [294], "excluded_lines": [], "start_line": 279}, "MusicBot.clear": {"executed_lines": [], "summary": {"covered_lines": 0, "num_statements": 1, "percent_covered": 0.0, "percent_covered_display": "0", "missing_lines": 1, "excluded_lines": 0, "percent_statements_covered": 0.0, "percent_statements_covered_display": "0"}, "missing_lines": [311], "excluded_lines": [], "start_line": 310}, "MusicBot.now": {"executed_lines": [], "summary": {"covered_lines": 0, "num_statements": 5, "percent_covered": 0.0, "percent_covered_display": "0", "missing_lines": 5, "excluded_lines": 0, "percent_statements_covered": 0.0, "percent_statements_covered_display": "0"}, "missing_lines": [318, 319, 320, 326, 328], "excluded_lines": [], "start_line": 317}, "MusicBot.history": {"executed_lines": [], "summary": {"covered_lines": 0, "num_statements": 4, "percent_covered": 0.0, "percent_covered_display": "0", "missing_lines": 4, "excluded_lines": 0, "percent_statements_covered": 0.0, "percent_statements_covered_display": "0"}, "missing_lines": [335, 336, 337, 338], "excluded_lines": [], "start_line": 334}, "MusicBot.jump": {"executed_lines": [], "summary": {"covered_lines": 0, "num_statements": 1, "percent_covered": 0.0, "percent_covered_display": "0", "missing_lines": 1, "excluded_lines": 0, "percent_statements_covered": 0.0, "percent_statements_covered_display": "0"}, "missing_lines": [345], "excluded_lines": [], "start_line": 344}, "MusicBot.queue": {"executed_lines": [], "summary": {"covered_lines": 0, "num_statements": 4, "percent_covered": 0.0, "percent_covered_display": "0", "missing_lines": 4, "excluded_lines": 0, "percent_statements_covered": 0.0, "percent_statements_covered_display": "0"}, "missing_lines": [352, 353, 354, 355], "excluded_lines": [], "start_line": 351}, "MusicBot.volume": {"executed_lines": [], "summary": {"covered_lines": 0, "num_statements": 12, "percent_covered": 0.0, "percent_covered_display": "0", "missing_lines": 12, "excluded_lines": 0, "percent_statements_covered": 0.0, "percent_statements_covered_display": "0"}, "missing_lines": [364, 365, 366, 367, 368, 369, 370, 371, 372, 373, 374, 375], "excluded_lines": [], "start_line": 363}, "MusicBot.ping": {"executed_lines": [], "summary": {"covered_lines": 0, "num_statements": 4, "percent_covered": 0.0, "percent_covered_display": "0", "missing_lines": 4, "excluded_lines": 0, "percent_statements_covered": 0.0, "percent_statements_covered_display": "0"}, "missing_lines": [382, 383, 387, 388], "excluded_lines": [], "start_line": 381}, "MusicBot.on_ready": {"executed_lines": [], "summary": {"covered_lines": 0, "num_statements": 4, "percent_covered": 0.0, "percent_covered_display": "0", "missing_lines": 4, "excluded_lines": 0, "percent_statements_covered": 0.0, "percent_statements_covered_display": "0"}, "missing_lines": [396, 397, 398, 399], "excluded_lines": [], "start_line": 393}, "MusicBot._restore_guild": {"executed_lines": [403, 405, 406, 408, 411, 417, 418, 419, 420, 422, 423, 424, 427, 455], "summary": {"covered_lines": 14, "num_statements": 34, "percent_covered": 41.1764705882353, "percent_covered_display": "41", "missing_lines": 20, "excluded_lines": 0, "percent_statements_covered": 41.1764705882353, "percent_statements_covered_display": "41"}, "missing_lines": [404, 412, 415, 430, 431, 432, 433, 434, 436, 437, 438, 441, 442, 443, 445, 446, 447, 449, 452, 453], "excluded_lines": [], "start_line": 401}, "MusicBot.on_voice_state_update": {"executed_lines": [465, 466, 467, 469, 470, 471, 474], "summary": {"covered_lines": 7, "num_statements": 7, "percent_covered": 100.0, "percent_covered_display": "100", "missing_lines": 0, "excluded_lines": 0, "percent_statements_covered": 100.0, "percent_statements_covered_display": "100"}, "missing_lines": [], "excluded_lines": [], "start_line": 458}, "setup": {"executed_lines": [], "summary": {"covered_lines": 0, "num_statements": 1, "percent_covered": 0.0, "percent_covered_display": "0", "missing_lines": 1, "excluded_lines": 0, "percent_statements_covered": 0.0, "percent_statements_covered_display": "0"}, "missing_lines": [478], "excluded_lines": [], "start_line": 477}, "": {"executed_lines": [1, 2, 3, 4, 6, 7, 9, 11, 12, 13, 20, 21, 23, 25, 28, 47, 57, 62, 64, 70, 81, 111, 114, 123, 146, 149, 150, 218, 219, 220, 231, 232, 233, 240, 241, 242, 253, 254, 255, 267, 268, 269, 277, 278, 279, 306, 309, 310, 313, 316, 317, 330, 333, 334, 340, 343, 344, 347, 350, 351, 357, 362, 363, 377, 380, 381, 392, 393, 401, 457, 458, 477], "summary": {"covered_lines": 72, "num_statements": 72, "percent_covered": 100.0, "percent_covered_display": "100", "missing_lines": 0, "excluded_lines": 0, "percent_statements_covered": 100.0, "percent_statements_covered_display": "100"}, "missing_lines": [], "excluded_lines": [], "start_line": 1}}, "classes": {"MusicBot": {"executed_lines": [128, 129, 131, 133, 134, 135, 136, 137, 142, 280, 281, 282, 283, 284, 286, 287, 288, 289, 295, 299, 300, 301, 303, 304, 403, 405, 406, 408, 411, 417, 418, 419, 420, 422, 423, 424, 427, 455, 465, 466, 467, 469, 470, 471, 474], "summary": {"covered_lines": 45, "num_statements": 205, "percent_covered": 21.951219512195124, "percent_covered_display": "22", "missing_lines": 160, "excluded_lines": 0, "percent_statements_covered": 21.951219512195124, "percent_statements_covered_display": "22"}, "missing_lines": [65, 66, 67, 68, 71, 72, 73, 74, 75, 76, 77, 78, 79, 82, 83, 84, 85, 86, 87, 88, 89, 90, 91, 92, 93, 94, 95, 96, 97, 98, 99, 100, 103, 104, 105, 106, 107, 108, 109, 112, 115, 116, 117, 118, 119, 120, 121, 138, 139, 141, 151, 153, 154, 155, 157, 158, 160, 161, 162, 163, 167, 172, 173, 175, 176, 179, 181, 188, 191, 192, 193, 198, 199, 203, 210, 211, 213, 214, 215, 216, 221, 222, 227, 228, 229, 234, 235, 236, 237, 238, 243, 245, 250, 251, 256, 258, 264, 265, 270, 271, 272, 273, 274, 275, 294, 311, 318, 319, 320, 326, 328, 335, 336, 337, 338, 345, 352, 353, 354, 355, 364, 365, 366, 367, 368, 369, 370, 371, 372, 373, 374, 375, 382, 383, 387, 388, 396, 397, 398, 399, 404, 412, 415, 430, 431, 432, 433, 434, 436, 437, 438, 441, 442, 443, 445, 446, 447, 449, 452, 453], "excluded_lines": [], "start_line": 57}, "": {"executed_lines": [1, 2, 3, 4, 6, 7, 9, 11, 12, 13, 20, 21, 23, 25, 28, 34, 35, 36, 37, 38, 43, 44, 47, 48, 49, 50, 51, 52, 53, 54, 57, 62, 64, 70, 81, 111, 114, 123, 146, 149, 150, 218, 219, 220, 231, 232, 233, 240, 241, 242, 253, 254, 255, 267, 268, 269, 277, 278, 279, 306, 309, 310, 313, 316, 317, 330, 333, 334, 340, 343, 344, 347, 350, 351, 357, 362, 363, 377, 380, 381, 392, 393, 401, 457, 458, 477], "summary": {"covered_lines": 86, "num_statements": 87, "percent_covered": 98.85057471264368, "percent_covered_display": "99", "missing_lines": 1, "excluded_lines": 0, "percent_statements_covered": 98.85057471264368, "percent_statements_covered_display": "99"}, "missing_lines": [478], "excluded_lines": [], "start_line": 1}}}, "src/musicplayer.py": {"executed_lines": [1, 2, 3, 4, 6, 7, 8, 9, 11, 12, 13, 15, 16, 19, 20, 23, 24, 34, 35, 36, 37, 40, 42, 48, 49, 69, 70, 71, 72, 73, 74, 75, 76, 77, 78, 79, 80, 81, 82, 83, 84, 85, 87, 95, 96, 97, 98, 99, 100, 102, 103, 104, 105, 107, 108, 109, 110, 112, 115, 116, 117, 119, 120, 133, 139, 144, 145, 147, 150, 152, 153, 157, 162, 163, 164, 165, 167, 168, 169, 174, 175, 176, 177, 178, 181, 182, 183, 184, 187, 188, 189, 194, 195, 196, 197, 198, 199, 200, 201, 202, 203, 206, 207, 218, 222, 223, 226, 227, 229, 230, 232, 238, 239, 240, 242, 245, 252, 259, 260, 261, 262, 263, 264, 265, 268, 269, 270, 272, 273, 275, 277, 278, 280, 281, 282, 283, 284, 285, 288, 289, 290, 291, 292, 293, 294, 301, 306, 307, 310, 311, 313, 317, 318, 319, 337, 343, 346, 347, 350, 352, 353, 354, 360, 361, 362, 364, 372, 398], "summary": {"covered_lines": 168, "num_statements": 298, "percent_covered": 56.375838926174495, "percent_covered_display": "56", "missing_lines": 130, "excluded_lines": 0, "percent_statements_covered": 56.375838926174495, "percent_statements_covered_display": "56"}, "missing_lines": [41, 43, 44, 45, 126, 127, 128, 129, 130, 131, 135, 136, 137, 140, 141, 142, 148, 208, 209, 210, 211, 213, 214, 215, 243, 253, 254, 255, 256, 257, 266, 267, 286, 287, 296, 299, 300, 339, 365, 366, 367, 368, 369, 370, 379, 380, 381, 382, 383, 384, 385, 386, 387, 388, 389, 390, 391, 392, 393, 394, 399, 400, 402, 403, 404, 405, 406, 407, 409, 410, 411, 412, 413, 414, 415, 416, 417, 419, 420, 421, 422, 423, 424, 425, 426, 427, 428, 431, 432, 433, 435, 436, 437, 439, 440, 441, 447, 450, 451, 454, 458, 460, 462, 463, 464, 465, 466, 468, 469, 472, 473, 474, 477, 478, 479, 481, 482, 483, 484, 485, 486, 487, 488, 489, 490, 491, 492, 493, 494, 495], "excluded_lines": [], "functions": {"_queue_display_str": {"executed_lines": [20], "summary": {"covered_lines": 1, "num_statements": 1, "percent_covered": 100.0, "percent_covered_display": "100", "missing_lines": 0, "excluded_lines": 0, "percent_statements_covered": 100.0, "percent_statements_covered_display": "100"}, "missing_lines": [], "excluded_lines": [], "start_line": 19}, "_serialize_queue_item": {"executed_lines": [24], "summary": {"covered_lines": 1, "num_statements": 1, "percent_covered": 100.0, "percent_covered_display": "100", "missing_lines": 0, "excluded_lines": 0, "percent_statements_covered": 100.0, "percent_statements_covered_display": "100"}, "missing_lines": [], "excluded_lines": [], "start_line": 23}, "_deserialize_queue_item": {"executed_lines": [35, 36, 37, 40, 42], "summary": {"covered_lines": 5, "num_statements": 9, "percent_covered": 55.55555555555556, "percent_covered_display": "56", "missing_lines": 4, "excluded_lines": 0, "percent_statements_covered": 55.55555555555556, "percent_statements_covered_display": "56"}, "missing_lines": [41, 43, 44, 45], "excluded_lines": [], "start_line": 34}, "MusicPlayer.__init__": {"executed_lines": [95, 96, 97, 98, 99, 100, 102, 103, 104, 105, 107, 108, 109, 110, 112, 115, 116, 117], "summary": {"covered_lines": 18, "num_statements": 18, "percent_covered": 100.0, "percent_covered_display": "100", "missing_lines": 0, "excluded_lines": 0, "percent_statements_covered": 100.0, "percent_statements_covered_display": "100"}, "missing_lines": [], "excluded_lines": [], "start_line": 87}, "MusicPlayer.from_context": {"executed_lines": [], "summary": {"covered_lines": 0, "num_statements": 6, "percent_covered": 0.0, "percent_covered_display": "0", "missing_lines": 6, "excluded_lines": 0, "percent_statements_covered": 0.0, "percent_statements_covered_display": "0"}, "missing_lines": [126, 127, 128, 129, 130, 131], "excluded_lines": [], "start_line": 120}, "MusicPlayer.start": {"executed_lines": [], "summary": {"covered_lines": 0, "num_statements": 3, "percent_covered": 0.0, "percent_covered_display": "0", "missing_lines": 3, "excluded_lines": 0, "percent_statements_covered": 0.0, "percent_statements_covered_display": "0"}, "missing_lines": [135, 136, 137], "excluded_lines": [], "start_line": 133}, "MusicPlayer.set_context": {"executed_lines": [], "summary": {"covered_lines": 0, "num_statements": 3, "percent_covered": 0.0, "percent_covered_display": "0", "missing_lines": 3, "excluded_lines": 0, "percent_statements_covered": 0.0, "percent_statements_covered_display": "0"}, "missing_lines": [140, 141, 142], "excluded_lines": [], "start_line": 139}, "MusicPlayer.get_queue": {"executed_lines": [145], "summary": {"covered_lines": 1, "num_statements": 1, "percent_covered": 100.0, "percent_covered_display": "100", "missing_lines": 0, "excluded_lines": 0, "percent_statements_covered": 100.0, "percent_statements_covered_display": "100"}, "missing_lines": [], "excluded_lines": [], "start_line": 144}, "MusicPlayer.stop": {"executed_lines": [], "summary": {"covered_lines": 0, "num_statements": 1, "percent_covered": 0.0, "percent_covered_display": "0", "missing_lines": 1, "excluded_lines": 0, "percent_statements_covered": 0.0, "percent_statements_covered_display": "0"}, "missing_lines": [148], "excluded_lines": [], "start_line": 147}, "MusicPlayer.redis_set_state": {"executed_lines": [152, 153], "summary": {"covered_lines": 2, "num_statements": 2, "percent_covered": 100.0, "percent_covered_display": "100", "missing_lines": 0, "excluded_lines": 0, "percent_statements_covered": 100.0, "percent_statements_covered_display": "100"}, "missing_lines": [], "excluded_lines": [], "start_line": 150}, "MusicPlayer._restore_state": {"executed_lines": [162, 163, 164, 165, 167, 168, 169, 174, 175, 176, 177, 178, 181, 182, 183, 184, 187, 188, 189, 194, 195, 196, 197, 198, 199, 200, 201, 202, 203, 206, 207, 218], "summary": {"covered_lines": 32, "num_statements": 39, "percent_covered": 82.05128205128206, "percent_covered_display": "82", "missing_lines": 7, "excluded_lines": 0, "percent_statements_covered": 82.05128205128206, "percent_statements_covered_display": "82"}, "missing_lines": [208, 209, 210, 211, 213, 214, 215], "excluded_lines": [], "start_line": 157}, "MusicPlayer.queue_put": {"executed_lines": [223, 226, 227, 229, 230, 232, 238, 239, 240], "summary": {"covered_lines": 9, "num_statements": 9, "percent_covered": 100.0, "percent_covered_display": "100", "missing_lines": 0, "excluded_lines": 0, "percent_statements_covered": 100.0, "percent_statements_covered_display": "100"}, "missing_lines": [], "excluded_lines": [], "start_line": 222}, "MusicPlayer.queue_get": {"executed_lines": [], "summary": {"covered_lines": 0, "num_statements": 1, "percent_covered": 0.0, "percent_covered_display": "0", "missing_lines": 1, "excluded_lines": 0, "percent_statements_covered": 0.0, "percent_statements_covered_display": "0"}, "missing_lines": [243], "excluded_lines": [], "start_line": 242}, "MusicPlayer._cancel_prefetch": {"executed_lines": [252], "summary": {"covered_lines": 1, "num_statements": 6, "percent_covered": 16.666666666666668, "percent_covered_display": "17", "missing_lines": 5, "excluded_lines": 0, "percent_statements_covered": 16.666666666666668, "percent_statements_covered_display": "17"}, "missing_lines": [253, 254, 255, 256, 257], "excluded_lines": [], "start_line": 245}, "MusicPlayer.queue_clear": {"executed_lines": [260, 261, 262, 263, 264, 265, 268, 269, 270], "summary": {"covered_lines": 9, "num_statements": 11, "percent_covered": 81.81818181818181, "percent_covered_display": "82", "missing_lines": 2, "excluded_lines": 0, "percent_statements_covered": 81.81818181818181, "percent_statements_covered_display": "82"}, "missing_lines": [266, 267], "excluded_lines": [], "start_line": 259}, "MusicPlayer.queue_shuffle": {"executed_lines": [273, 275, 277, 278, 280, 281, 282, 283, 284, 285, 288, 289, 290, 291, 292, 293, 294, 301, 306, 307, 310, 311, 313], "summary": {"covered_lines": 23, "num_statements": 28, "percent_covered": 82.14285714285714, "percent_covered_display": "82", "missing_lines": 5, "excluded_lines": 0, "percent_statements_covered": 82.14285714285714, "percent_statements_covered_display": "82"}, "missing_lines": [286, 287, 296, 299, 300], "excluded_lines": [], "start_line": 272}, "MusicPlayer._build_now_playing_embed": {"executed_lines": [318, 319], "summary": {"covered_lines": 2, "num_statements": 2, "percent_covered": 100.0, "percent_covered_display": "100", "missing_lines": 0, "excluded_lines": 0, "percent_statements_covered": 100.0, "percent_statements_covered_display": "100"}, "missing_lines": [], "excluded_lines": [], "start_line": 317}, "MusicPlayer.update_activity": {"executed_lines": [], "summary": {"covered_lines": 0, "num_statements": 1, "percent_covered": 0.0, "percent_covered_display": "0", "missing_lines": 1, "excluded_lines": 0, "percent_statements_covered": 0.0, "percent_statements_covered_display": "0"}, "missing_lines": [339], "excluded_lines": [], "start_line": 337}, "MusicPlayer._resolve_source": {"executed_lines": [346, 347, 350], "summary": {"covered_lines": 3, "num_statements": 3, "percent_covered": 100.0, "percent_covered_display": "100", "missing_lines": 0, "excluded_lines": 0, "percent_statements_covered": 100.0, "percent_statements_covered_display": "100"}, "missing_lines": [], "excluded_lines": [], "start_line": 343}, "MusicPlayer._stream_source": {"executed_lines": [353, 354, 360, 361, 362], "summary": {"covered_lines": 5, "num_statements": 5, "percent_covered": 100.0, "percent_covered_display": "100", "missing_lines": 0, "excluded_lines": 0, "percent_statements_covered": 100.0, "percent_statements_covered_display": "100"}, "missing_lines": [], "excluded_lines": [], "start_line": 352}, "MusicPlayer._send_now_playing": {"executed_lines": [], "summary": {"covered_lines": 0, "num_statements": 6, "percent_covered": 0.0, "percent_covered_display": "0", "missing_lines": 6, "excluded_lines": 0, "percent_statements_covered": 0.0, "percent_statements_covered_display": "0"}, "missing_lines": [365, 366, 367, 368, 369, 370], "excluded_lines": [], "start_line": 364}, "MusicPlayer._prefetch_next_song": {"executed_lines": [], "summary": {"covered_lines": 0, "num_statements": 16, "percent_covered": 0.0, "percent_covered_display": "0", "missing_lines": 16, "excluded_lines": 0, "percent_statements_covered": 0.0, "percent_statements_covered_display": "0"}, "missing_lines": [379, 380, 381, 382, 383, 384, 385, 386, 387, 388, 389, 390, 391, 392, 393, 394], "excluded_lines": [], "start_line": 372}, "MusicPlayer.loop": {"executed_lines": [], "summary": {"covered_lines": 0, "num_statements": 70, "percent_covered": 0.0, "percent_covered_display": "0", "missing_lines": 70, "excluded_lines": 0, "percent_statements_covered": 0.0, "percent_statements_covered_display": "0"}, "missing_lines": [399, 400, 402, 403, 404, 405, 406, 407, 409, 410, 411, 412, 413, 414, 415, 416, 417, 419, 420, 421, 422, 423, 424, 425, 426, 427, 428, 431, 432, 433, 435, 436, 437, 439, 440, 441, 447, 450, 451, 454, 458, 460, 462, 463, 464, 465, 466, 468, 469, 472, 473, 474, 477, 478, 479, 481, 482, 483, 484, 485, 486, 487, 488, 489, 490, 491, 492, 493, 494, 495], "excluded_lines": [], "start_line": 398}, "": {"executed_lines": [1, 2, 3, 4, 6, 7, 8, 9, 11, 12, 13, 15, 16, 19, 23, 34, 48, 49, 69, 70, 71, 72, 73, 74, 75, 76, 77, 78, 79, 80, 81, 82, 83, 84, 85, 87, 119, 120, 133, 139, 144, 147, 150, 157, 222, 242, 245, 259, 272, 317, 337, 343, 352, 364, 372, 398], "summary": {"covered_lines": 56, "num_statements": 56, "percent_covered": 100.0, "percent_covered_display": "100", "missing_lines": 0, "excluded_lines": 0, "percent_statements_covered": 100.0, "percent_statements_covered_display": "100"}, "missing_lines": [], "excluded_lines": [], "start_line": 1}}, "classes": {"MusicPlayer": {"executed_lines": [95, 96, 97, 98, 99, 100, 102, 103, 104, 105, 107, 108, 109, 110, 112, 115, 116, 117, 145, 152, 153, 162, 163, 164, 165, 167, 168, 169, 174, 175, 176, 177, 178, 181, 182, 183, 184, 187, 188, 189, 194, 195, 196, 197, 198, 199, 200, 201, 202, 203, 206, 207, 218, 223, 226, 227, 229, 230, 232, 238, 239, 240, 252, 260, 261, 262, 263, 264, 265, 268, 269, 270, 273, 275, 277, 278, 280, 281, 282, 283, 284, 285, 288, 289, 290, 291, 292, 293, 294, 301, 306, 307, 310, 311, 313, 318, 319, 346, 347, 350, 353, 354, 360, 361, 362], "summary": {"covered_lines": 105, "num_statements": 231, "percent_covered": 45.45454545454545, "percent_covered_display": "45", "missing_lines": 126, "excluded_lines": 0, "percent_statements_covered": 45.45454545454545, "percent_statements_covered_display": "45"}, "missing_lines": [126, 127, 128, 129, 130, 131, 135, 136, 137, 140, 141, 142, 148, 208, 209, 210, 211, 213, 214, 215, 243, 253, 254, 255, 256, 257, 266, 267, 286, 287, 296, 299, 300, 339, 365, 366, 367, 368, 369, 370, 379, 380, 381, 382, 383, 384, 385, 386, 387, 388, 389, 390, 391, 392, 393, 394, 399, 400, 402, 403, 404, 405, 406, 407, 409, 410, 411, 412, 413, 414, 415, 416, 417, 419, 420, 421, 422, 423, 424, 425, 426, 427, 428, 431, 432, 433, 435, 436, 437, 439, 440, 441, 447, 450, 451, 454, 458, 460, 462, 463, 464, 465, 466, 468, 469, 472, 473, 474, 477, 478, 479, 481, 482, 483, 484, 485, 486, 487, 488, 489, 490, 491, 492, 493, 494, 495], "excluded_lines": [], "start_line": 48}, "": {"executed_lines": [1, 2, 3, 4, 6, 7, 8, 9, 11, 12, 13, 15, 16, 19, 20, 23, 24, 34, 35, 36, 37, 40, 42, 48, 49, 69, 70, 71, 72, 73, 74, 75, 76, 77, 78, 79, 80, 81, 82, 83, 84, 85, 87, 119, 120, 133, 139, 144, 147, 150, 157, 222, 242, 245, 259, 272, 317, 337, 343, 352, 364, 372, 398], "summary": {"covered_lines": 63, "num_statements": 67, "percent_covered": 94.02985074626865, "percent_covered_display": "94", "missing_lines": 4, "excluded_lines": 0, "percent_statements_covered": 94.02985074626865, "percent_statements_covered_display": "94"}, "missing_lines": [41, 43, 44, 45], "excluded_lines": [], "start_line": 1}}}, "src/redis_client.py": {"executed_lines": [1, 2, 3, 5, 6, 8, 10, 11, 12, 13, 19, 33, 38, 49, 51, 52, 53, 54, 55, 56, 57, 58, 61, 65, 66, 67, 68, 76, 79, 80, 81, 85, 86, 88, 89, 91, 92, 96, 98, 99, 100, 101, 102, 103, 104, 108, 113, 114, 118, 120, 121, 126, 128, 129, 133, 135, 136, 137, 138, 139, 140, 146, 148, 149, 150, 151, 152, 153, 157, 159, 160, 167, 169, 170, 171, 172, 173, 179, 181, 182, 189, 191, 192, 193, 194, 195, 201, 203, 204, 205, 206, 207, 208, 212, 214, 215, 216, 217, 218, 219, 220, 225, 240, 242, 243, 245, 247, 248, 251, 256, 257, 258], "summary": {"covered_lines": 112, "num_statements": 157, "percent_covered": 71.3375796178344, "percent_covered_display": "71", "missing_lines": 45, "excluded_lines": 0, "percent_statements_covered": 71.3375796178344, "percent_statements_covered_display": "71"}, "missing_lines": [21, 35, 40, 41, 42, 43, 69, 70, 105, 106, 115, 116, 122, 123, 124, 130, 131, 141, 142, 154, 155, 161, 162, 163, 174, 175, 183, 184, 185, 196, 197, 209, 210, 221, 222, 223, 227, 228, 235, 236, 252, 253, 254, 259, 260], "excluded_lines": [], "functions": {"create_redis_pool": {"executed_lines": [], "summary": {"covered_lines": 0, "num_statements": 1, "percent_covered": 0.0, "percent_covered_display": "0", "missing_lines": 1, "excluded_lines": 0, "percent_statements_covered": 0.0, "percent_statements_covered_display": "0"}, "missing_lines": [21], "excluded_lines": [], "start_line": 19}, "get_redis": {"executed_lines": [], "summary": {"covered_lines": 0, "num_statements": 1, "percent_covered": 0.0, "percent_covered_display": "0", "missing_lines": 1, "excluded_lines": 0, "percent_statements_covered": 0.0, "percent_statements_covered_display": "0"}, "missing_lines": [35], "excluded_lines": [], "start_line": 33}, "close_redis_pool": {"executed_lines": [], "summary": {"covered_lines": 0, "num_statements": 4, "percent_covered": 0.0, "percent_covered_display": "0", "missing_lines": 4, "excluded_lines": 0, "percent_statements_covered": 0.0, "percent_statements_covered_display": "0"}, "missing_lines": [40, 41, 42, 43], "excluded_lines": [], "start_line": 38}, "cache_get": {"executed_lines": [51, 52, 53, 54, 55, 56, 57, 58], "summary": {"covered_lines": 8, "num_statements": 8, "percent_covered": 100.0, "percent_covered_display": "100", "missing_lines": 0, "excluded_lines": 0, "percent_statements_covered": 100.0, "percent_statements_covered_display": "100"}, "missing_lines": [], "excluded_lines": [], "start_line": 49}, "cache_set": {"executed_lines": [65, 66, 67, 68], "summary": {"covered_lines": 4, "num_statements": 6, "percent_covered": 66.66666666666667, "percent_covered_display": "67", "missing_lines": 2, "excluded_lines": 0, "percent_statements_covered": 66.66666666666667, "percent_statements_covered_display": "67"}, "missing_lines": [69, 70], "excluded_lines": [], "start_line": 61}, "GuildRedisStore.__init__": {"executed_lines": [80, 81], "summary": {"covered_lines": 2, "num_statements": 2, "percent_covered": 100.0, "percent_covered_display": "100", "missing_lines": 0, "excluded_lines": 0, "percent_statements_covered": 100.0, "percent_statements_covered_display": "100"}, "missing_lines": [], "excluded_lines": [], "start_line": 79}, "GuildRedisStore.queue_key": {"executed_lines": [86], "summary": {"covered_lines": 1, "num_statements": 1, "percent_covered": 100.0, "percent_covered_display": "100", "missing_lines": 0, "excluded_lines": 0, "percent_statements_covered": 100.0, "percent_statements_covered_display": "100"}, "missing_lines": [], "excluded_lines": [], "start_line": 85}, "GuildRedisStore.state_key": {"executed_lines": [89], "summary": {"covered_lines": 1, "num_statements": 1, "percent_covered": 100.0, "percent_covered_display": "100", "missing_lines": 0, "excluded_lines": 0, "percent_statements_covered": 100.0, "percent_statements_covered_display": "100"}, "missing_lines": [], "excluded_lines": [], "start_line": 88}, "GuildRedisStore.history_key": {"executed_lines": [92], "summary": {"covered_lines": 1, "num_statements": 1, "percent_covered": 100.0, "percent_covered_display": "100", "missing_lines": 0, "excluded_lines": 0, "percent_statements_covered": 100.0, "percent_statements_covered_display": "100"}, "missing_lines": [], "excluded_lines": [], "start_line": 91}, "GuildRedisStore.push_queue": {"executed_lines": [98, 99, 100, 101, 102, 103, 104], "summary": {"covered_lines": 7, "num_statements": 9, "percent_covered": 77.77777777777777, "percent_covered_display": "78", "missing_lines": 2, "excluded_lines": 0, "percent_statements_covered": 77.77777777777777, "percent_statements_covered_display": "78"}, "missing_lines": [105, 106], "excluded_lines": [], "start_line": 96}, "GuildRedisStore.pop_queue": {"executed_lines": [113, 114], "summary": {"covered_lines": 2, "num_statements": 4, "percent_covered": 50.0, "percent_covered_display": "50", "missing_lines": 2, "excluded_lines": 0, "percent_statements_covered": 50.0, "percent_statements_covered_display": "50"}, "missing_lines": [115, 116], "excluded_lines": [], "start_line": 108}, "GuildRedisStore.get_queue": {"executed_lines": [120, 121], "summary": {"covered_lines": 2, "num_statements": 5, "percent_covered": 40.0, "percent_covered_display": "40", "missing_lines": 3, "excluded_lines": 0, "percent_statements_covered": 40.0, "percent_statements_covered_display": "40"}, "missing_lines": [122, 123, 124], "excluded_lines": [], "start_line": 118}, "GuildRedisStore.delete_queue": {"executed_lines": [128, 129], "summary": {"covered_lines": 2, "num_statements": 4, "percent_covered": 50.0, "percent_covered_display": "50", "missing_lines": 2, "excluded_lines": 0, "percent_statements_covered": 50.0, "percent_statements_covered_display": "50"}, "missing_lines": [130, 131], "excluded_lines": [], "start_line": 126}, "GuildRedisStore.rebuild_queue": {"executed_lines": [135, 136, 137, 138, 139, 140], "summary": {"covered_lines": 6, "num_statements": 8, "percent_covered": 75.0, "percent_covered_display": "75", "missing_lines": 2, "excluded_lines": 0, "percent_statements_covered": 75.0, "percent_statements_covered_display": "75"}, "missing_lines": [141, 142], "excluded_lines": [], "start_line": 133}, "GuildRedisStore.push_history": {"executed_lines": [148, 149, 150, 151, 152, 153], "summary": {"covered_lines": 6, "num_statements": 8, "percent_covered": 75.0, "percent_covered_display": "75", "missing_lines": 2, "excluded_lines": 0, "percent_statements_covered": 75.0, "percent_statements_covered_display": "75"}, "missing_lines": [154, 155], "excluded_lines": [], "start_line": 146}, "GuildRedisStore.get_history": {"executed_lines": [159, 160], "summary": {"covered_lines": 2, "num_statements": 5, "percent_covered": 40.0, "percent_covered_display": "40", "missing_lines": 3, "excluded_lines": 0, "percent_statements_covered": 40.0, "percent_statements_covered_display": "40"}, "missing_lines": [161, 162, 163], "excluded_lines": [], "start_line": 157}, "GuildRedisStore.set_state": {"executed_lines": [169, 170, 171, 172, 173], "summary": {"covered_lines": 5, "num_statements": 7, "percent_covered": 71.42857142857143, "percent_covered_display": "71", "missing_lines": 2, "excluded_lines": 0, "percent_statements_covered": 71.42857142857143, "percent_statements_covered_display": "71"}, "missing_lines": [174, 175], "excluded_lines": [], "start_line": 167}, "GuildRedisStore.get_state": {"executed_lines": [181, 182], "summary": {"covered_lines": 2, "num_statements": 5, "percent_covered": 40.0, "percent_covered_display": "40", "missing_lines": 3, "excluded_lines": 0, "percent_statements_covered": 40.0, "percent_statements_covered_display": "40"}, "missing_lines": [183, 184, 185], "excluded_lines": [], "start_line": 179}, "GuildRedisStore.refresh_ttl": {"executed_lines": [191, 192, 193, 194, 195], "summary": {"covered_lines": 5, "num_statements": 7, "percent_covered": 71.42857142857143, "percent_covered_display": "71", "missing_lines": 2, "excluded_lines": 0, "percent_statements_covered": 71.42857142857143, "percent_statements_covered_display": "71"}, "missing_lines": [196, 197], "excluded_lines": [], "start_line": 189}, "GuildRedisStore.set_connection": {"executed_lines": [203, 204, 205, 206, 207, 208], "summary": {"covered_lines": 6, "num_statements": 8, "percent_covered": 75.0, "percent_covered_display": "75", "missing_lines": 2, "excluded_lines": 0, "percent_statements_covered": 75.0, "percent_statements_covered_display": "75"}, "missing_lines": [209, 210], "excluded_lines": [], "start_line": 201}, "GuildRedisStore.get_connection": {"executed_lines": [214, 215, 216, 217, 218, 219, 220], "summary": {"covered_lines": 7, "num_statements": 10, "percent_covered": 70.0, "percent_covered_display": "70", "missing_lines": 3, "excluded_lines": 0, "percent_statements_covered": 70.0, "percent_statements_covered_display": "70"}, "missing_lines": [221, 222, 223], "excluded_lines": [], "start_line": 212}, "GuildRedisStore.clear_connection": {"executed_lines": [], "summary": {"covered_lines": 0, "num_statements": 4, "percent_covered": 0.0, "percent_covered_display": "0", "missing_lines": 4, "excluded_lines": 0, "percent_statements_covered": 0.0, "percent_statements_covered_display": "0"}, "missing_lines": [227, 228, 235, 236], "excluded_lines": [], "start_line": 225}, "GuildRedisStore._recovery_lock_key": {"executed_lines": [243], "summary": {"covered_lines": 1, "num_statements": 1, "percent_covered": 100.0, "percent_covered_display": "100", "missing_lines": 0, "excluded_lines": 0, "percent_statements_covered": 100.0, "percent_statements_covered_display": "100"}, "missing_lines": [], "excluded_lines": [], "start_line": 242}, "GuildRedisStore.acquire_recovery_lock": {"executed_lines": [247, 248, 251], "summary": {"covered_lines": 3, "num_statements": 6, "percent_covered": 50.0, "percent_covered_display": "50", "missing_lines": 3, "excluded_lines": 0, "percent_statements_covered": 50.0, "percent_statements_covered_display": "50"}, "missing_lines": [252, 253, 254], "excluded_lines": [], "start_line": 245}, "GuildRedisStore.release_recovery_lock": {"executed_lines": [257, 258], "summary": {"covered_lines": 2, "num_statements": 4, "percent_covered": 50.0, "percent_covered_display": "50", "missing_lines": 2, "excluded_lines": 0, "percent_statements_covered": 50.0, "percent_statements_covered_display": "50"}, "missing_lines": [259, 260], "excluded_lines": [], "start_line": 256}, "": {"executed_lines": [1, 2, 3, 5, 6, 8, 10, 11, 12, 13, 19, 33, 38, 49, 61, 76, 79, 85, 88, 91, 96, 108, 118, 126, 133, 146, 157, 167, 179, 189, 201, 212, 225, 240, 242, 245, 256], "summary": {"covered_lines": 37, "num_statements": 37, "percent_covered": 100.0, "percent_covered_display": "100", "missing_lines": 0, "excluded_lines": 0, "percent_statements_covered": 100.0, "percent_statements_covered_display": "100"}, "missing_lines": [], "excluded_lines": [], "start_line": 1}}, "classes": {"GuildRedisStore": {"executed_lines": [80, 81, 86, 89, 92, 98, 99, 100, 101, 102, 103, 104, 113, 114, 120, 121, 128, 129, 135, 136, 137, 138, 139, 140, 148, 149, 150, 151, 152, 153, 159, 160, 169, 170, 171, 172, 173, 181, 182, 191, 192, 193, 194, 195, 203, 204, 205, 206, 207, 208, 214, 215, 216, 217, 218, 219, 220, 243, 247, 248, 251, 257, 258], "summary": {"covered_lines": 63, "num_statements": 100, "percent_covered": 63.0, "percent_covered_display": "63", "missing_lines": 37, "excluded_lines": 0, "percent_statements_covered": 63.0, "percent_statements_covered_display": "63"}, "missing_lines": [105, 106, 115, 116, 122, 123, 124, 130, 131, 141, 142, 154, 155, 161, 162, 163, 174, 175, 183, 184, 185, 196, 197, 209, 210, 221, 222, 223, 227, 228, 235, 236, 252, 253, 254, 259, 260], "excluded_lines": [], "start_line": 76}, "": {"executed_lines": [1, 2, 3, 5, 6, 8, 10, 11, 12, 13, 19, 33, 38, 49, 51, 52, 53, 54, 55, 56, 57, 58, 61, 65, 66, 67, 68, 76, 79, 85, 88, 91, 96, 108, 118, 126, 133, 146, 157, 167, 179, 189, 201, 212, 225, 240, 242, 245, 256], "summary": {"covered_lines": 49, "num_statements": 57, "percent_covered": 85.96491228070175, "percent_covered_display": "86", "missing_lines": 8, "excluded_lines": 0, "percent_statements_covered": 85.96491228070175, "percent_statements_covered_display": "86"}, "missing_lines": [21, 35, 40, 41, 42, 43, 69, 70], "excluded_lines": [], "start_line": 1}}}, "src/sources.py": {"executed_lines": [1, 2, 3, 4, 6, 8, 11, 12, 13, 14, 17, 18, 19, 20, 21, 22, 23, 26, 27, 34, 35, 36, 37, 38, 41, 42, 44, 45, 46, 47, 50, 51, 54, 69, 70, 72, 73, 75, 76, 78, 80, 81, 82, 83, 84, 85, 86, 87, 88, 89, 90, 91, 92, 93, 95, 98, 108, 109, 110, 111, 112], "summary": {"covered_lines": 61, "num_statements": 61, "percent_covered": 100.0, "percent_covered_display": "100", "missing_lines": 0, "excluded_lines": 0, "percent_statements_covered": 100.0, "percent_statements_covered_display": "100"}, "missing_lines": [], "excluded_lines": [], "functions": {"spotify_playlist_to_ytsearch": {"executed_lines": [51], "summary": {"covered_lines": 1, "num_statements": 1, "percent_covered": 100.0, "percent_covered_display": "100", "missing_lines": 0, "excluded_lines": 0, "percent_statements_covered": 100.0, "percent_statements_covered_display": "100"}, "missing_lines": [], "excluded_lines": [], "start_line": 50}, "parse_url": {"executed_lines": [69, 70, 72, 73, 75, 76, 78, 80, 81, 82, 83, 84, 85, 86, 87, 88, 89, 90, 91, 92, 93, 95], "summary": {"covered_lines": 22, "num_statements": 22, "percent_covered": 100.0, "percent_covered_display": "100", "missing_lines": 0, "excluded_lines": 0, "percent_statements_covered": 100.0, "percent_statements_covered_display": "100"}, "missing_lines": [], "excluded_lines": [], "start_line": 54}, "parse_input": {"executed_lines": [108, 109, 110, 111, 112], "summary": {"covered_lines": 5, "num_statements": 5, "percent_covered": 100.0, "percent_covered_display": "100", "missing_lines": 0, "excluded_lines": 0, "percent_statements_covered": 100.0, "percent_statements_covered_display": "100"}, "missing_lines": [], "excluded_lines": [], "start_line": 98}, "": {"executed_lines": [1, 2, 3, 4, 6, 8, 11, 12, 13, 14, 17, 18, 19, 20, 21, 22, 23, 26, 27, 34, 35, 36, 37, 38, 41, 42, 44, 45, 46, 47, 50, 54, 98], "summary": {"covered_lines": 33, "num_statements": 33, "percent_covered": 100.0, "percent_covered_display": "100", "missing_lines": 0, "excluded_lines": 0, "percent_statements_covered": 100.0, "percent_statements_covered_display": "100"}, "missing_lines": [], "excluded_lines": [], "start_line": 1}}, "classes": {"URLSource": {"executed_lines": [], "summary": {"covered_lines": 0, "num_statements": 0, "percent_covered": 100.0, "percent_covered_display": "100", "missing_lines": 0, "excluded_lines": 0, "percent_statements_covered": 100.0, "percent_statements_covered_display": "100"}, "missing_lines": [], "excluded_lines": [], "start_line": 11}, "SpotifySource": {"executed_lines": [], "summary": {"covered_lines": 0, "num_statements": 0, "percent_covered": 100.0, "percent_covered_display": "100", "missing_lines": 0, "excluded_lines": 0, "percent_statements_covered": 100.0, "percent_statements_covered_display": "100"}, "missing_lines": [], "excluded_lines": [], "start_line": 18}, "YTSource": {"executed_lines": [], "summary": {"covered_lines": 0, "num_statements": 0, "percent_covered": 100.0, "percent_covered_display": "100", "missing_lines": 0, "excluded_lines": 0, "percent_statements_covered": 100.0, "percent_statements_covered_display": "100"}, "missing_lines": [], "excluded_lines": [], "start_line": 27}, "SoundcloudSource": {"executed_lines": [], "summary": {"covered_lines": 0, "num_statements": 0, "percent_covered": 100.0, "percent_covered_display": "100", "missing_lines": 0, "excluded_lines": 0, "percent_statements_covered": 100.0, "percent_statements_covered_display": "100"}, "missing_lines": [], "excluded_lines": [], "start_line": 42}, "": {"executed_lines": [1, 2, 3, 4, 6, 8, 11, 12, 13, 14, 17, 18, 19, 20, 21, 22, 23, 26, 27, 34, 35, 36, 37, 38, 41, 42, 44, 45, 46, 47, 50, 51, 54, 69, 70, 72, 73, 75, 76, 78, 80, 81, 82, 83, 84, 85, 86, 87, 88, 89, 90, 91, 92, 93, 95, 98, 108, 109, 110, 111, 112], "summary": {"covered_lines": 61, "num_statements": 61, "percent_covered": 100.0, "percent_covered_display": "100", "missing_lines": 0, "excluded_lines": 0, "percent_statements_covered": 100.0, "percent_statements_covered_display": "100"}, "missing_lines": [], "excluded_lines": [], "start_line": 1}}}, "src/spotify.py": {"executed_lines": [1, 2, 3, 4, 6, 7, 9, 11, 12, 14, 16, 17, 18, 19, 22, 23, 24, 26, 31, 32, 33, 34, 35, 36, 37, 39, 40, 44, 45, 46, 51, 52, 53, 54, 55, 57, 65, 66, 67, 68, 70, 71, 72, 74, 75, 78, 79, 80, 86, 87, 88, 89, 90, 91, 92, 93, 94, 95, 97, 98, 99, 100, 101, 102, 103, 106, 107, 112, 113, 115, 129], "summary": {"covered_lines": 71, "num_statements": 92, "percent_covered": 77.17391304347827, "percent_covered_display": "77", "missing_lines": 21, "excluded_lines": 0, "percent_statements_covered": 77.17391304347827, "percent_statements_covered_display": "77"}, "missing_lines": [116, 117, 118, 119, 120, 121, 122, 125, 126, 127, 130, 131, 132, 133, 134, 135, 136, 139, 140, 141, 142], "excluded_lines": [], "functions": {"Spotify.__init__": {"executed_lines": [31, 32, 33, 34, 35, 36, 37], "summary": {"covered_lines": 7, "num_statements": 7, "percent_covered": 100.0, "percent_covered_display": "100", "missing_lines": 0, "excluded_lines": 0, "percent_statements_covered": 100.0, "percent_statements_covered_display": "100"}, "missing_lines": [], "excluded_lines": [], "start_line": 26}, "Spotify.__str__": {"executed_lines": [40], "summary": {"covered_lines": 1, "num_statements": 1, "percent_covered": 100.0, "percent_covered_display": "100", "missing_lines": 0, "excluded_lines": 0, "percent_statements_covered": 100.0, "percent_statements_covered_display": "100"}, "missing_lines": [], "excluded_lines": [], "start_line": 39}, "Spotify._refresh_token": {"executed_lines": [45, 46, 51, 52, 53, 54, 55], "summary": {"covered_lines": 7, "num_statements": 7, "percent_covered": 100.0, "percent_covered_display": "100", "missing_lines": 0, "excluded_lines": 0, "percent_statements_covered": 100.0, "percent_statements_covered_display": "100"}, "missing_lines": [], "excluded_lines": [], "start_line": 44}, "Spotify.http_call": {"executed_lines": [65, 66, 67, 68, 70, 71, 72, 74, 75, 78, 79, 80], "summary": {"covered_lines": 12, "num_statements": 12, "percent_covered": 100.0, "percent_covered_display": "100", "missing_lines": 0, "excluded_lines": 0, "percent_statements_covered": 100.0, "percent_statements_covered_display": "100"}, "missing_lines": [], "excluded_lines": [], "start_line": 57}, "Spotify.track": {"executed_lines": [87, 88, 89, 90, 91, 92, 93, 94, 95], "summary": {"covered_lines": 9, "num_statements": 9, "percent_covered": 100.0, "percent_covered_display": "100", "missing_lines": 0, "excluded_lines": 0, "percent_statements_covered": 100.0, "percent_statements_covered_display": "100"}, "missing_lines": [], "excluded_lines": [], "start_line": 86}, "Spotify.playlist": {"executed_lines": [98, 99, 100, 101, 102, 103, 106, 107, 112, 113], "summary": {"covered_lines": 10, "num_statements": 10, "percent_covered": 100.0, "percent_covered_display": "100", "missing_lines": 0, "excluded_lines": 0, "percent_statements_covered": 100.0, "percent_statements_covered_display": "100"}, "missing_lines": [], "excluded_lines": [], "start_line": 97}, "Spotify.artists": {"executed_lines": [], "summary": {"covered_lines": 0, "num_statements": 10, "percent_covered": 0.0, "percent_covered_display": "0", "missing_lines": 10, "excluded_lines": 0, "percent_statements_covered": 0.0, "percent_statements_covered_display": "0"}, "missing_lines": [116, 117, 118, 119, 120, 121, 122, 125, 126, 127], "excluded_lines": [], "start_line": 115}, "Spotify.albums": {"executed_lines": [], "summary": {"covered_lines": 0, "num_statements": 11, "percent_covered": 0.0, "percent_covered_display": "0", "missing_lines": 11, "excluded_lines": 0, "percent_statements_covered": 0.0, "percent_statements_covered_display": "0"}, "missing_lines": [130, 131, 132, 133, 134, 135, 136, 139, 140, 141, 142], "excluded_lines": [], "start_line": 129}, "": {"executed_lines": [1, 2, 3, 4, 6, 7, 9, 11, 12, 14, 16, 17, 18, 19, 22, 23, 24, 26, 39, 44, 57, 86, 97, 115, 129], "summary": {"covered_lines": 25, "num_statements": 25, "percent_covered": 100.0, "percent_covered_display": "100", "missing_lines": 0, "excluded_lines": 0, "percent_statements_covered": 100.0, "percent_statements_covered_display": "100"}, "missing_lines": [], "excluded_lines": [], "start_line": 1}}, "classes": {"Spotify": {"executed_lines": [31, 32, 33, 34, 35, 36, 37, 40, 45, 46, 51, 52, 53, 54, 55, 65, 66, 67, 68, 70, 71, 72, 74, 75, 78, 79, 80, 87, 88, 89, 90, 91, 92, 93, 94, 95, 98, 99, 100, 101, 102, 103, 106, 107, 112, 113], "summary": {"covered_lines": 46, "num_statements": 67, "percent_covered": 68.65671641791045, "percent_covered_display": "69", "missing_lines": 21, "excluded_lines": 0, "percent_statements_covered": 68.65671641791045, "percent_statements_covered_display": "69"}, "missing_lines": [116, 117, 118, 119, 120, 121, 122, 125, 126, 127, 130, 131, 132, 133, 134, 135, 136, 139, 140, 141, 142], "excluded_lines": [], "start_line": 22}, "": {"executed_lines": [1, 2, 3, 4, 6, 7, 9, 11, 12, 14, 16, 17, 18, 19, 22, 23, 24, 26, 39, 44, 57, 86, 97, 115, 129], "summary": {"covered_lines": 25, "num_statements": 25, "percent_covered": 100.0, "percent_covered_display": "100", "missing_lines": 0, "excluded_lines": 0, "percent_statements_covered": 100.0, "percent_statements_covered_display": "100"}, "missing_lines": [], "excluded_lines": [], "start_line": 1}}}, "src/util.py": {"executed_lines": [1, 2, 3, 4, 6, 9, 24, 25, 26, 27, 28, 29, 32, 33, 34, 36, 37, 38, 41, 42, 44, 47], "summary": {"covered_lines": 22, "num_statements": 27, "percent_covered": 81.48148148148148, "percent_covered_display": "81", "missing_lines": 5, "excluded_lines": 0, "percent_statements_covered": 81.48148148148148, "percent_statements_covered_display": "81"}, "missing_lines": [10, 11, 19, 20, 21], "excluded_lines": [], "functions": {"send_queue_phrases": {"executed_lines": [], "summary": {"covered_lines": 0, "num_statements": 5, "percent_covered": 0.0, "percent_covered_display": "0", "missing_lines": 5, "excluded_lines": 0, "percent_statements_covered": 0.0, "percent_statements_covered_display": "0"}, "missing_lines": [10, 11, 19, 20, 21], "excluded_lines": [], "start_line": 9}, "queue_message": {"executed_lines": [25, 26, 27, 28, 29], "summary": {"covered_lines": 5, "num_statements": 5, "percent_covered": 100.0, "percent_covered_display": "100", "missing_lines": 0, "excluded_lines": 0, "percent_statements_covered": 100.0, "percent_statements_covered_display": "100"}, "missing_lines": [], "excluded_lines": [], "start_line": 24}, "get_logger": {"executed_lines": [33, 34, 36, 37, 38, 41, 42, 44], "summary": {"covered_lines": 8, "num_statements": 8, "percent_covered": 100.0, "percent_covered_display": "100", "missing_lines": 0, "excluded_lines": 0, "percent_statements_covered": 100.0, "percent_statements_covered_display": "100"}, "missing_lines": [], "excluded_lines": [], "start_line": 32}, "": {"executed_lines": [1, 2, 3, 4, 6, 9, 24, 32, 47], "summary": {"covered_lines": 9, "num_statements": 9, "percent_covered": 100.0, "percent_covered_display": "100", "missing_lines": 0, "excluded_lines": 0, "percent_statements_covered": 100.0, "percent_statements_covered_display": "100"}, "missing_lines": [], "excluded_lines": [], "start_line": 1}}, "classes": {"": {"executed_lines": [1, 2, 3, 4, 6, 9, 24, 25, 26, 27, 28, 29, 32, 33, 34, 36, 37, 38, 41, 42, 44, 47], "summary": {"covered_lines": 22, "num_statements": 27, "percent_covered": 81.48148148148148, "percent_covered_display": "81", "missing_lines": 5, "excluded_lines": 0, "percent_statements_covered": 81.48148148148148, "percent_statements_covered_display": "81"}, "missing_lines": [10, 11, 19, 20, 21], "excluded_lines": [], "start_line": 1}}}, "src/youtube.py": {"executed_lines": [1, 2, 3, 4, 5, 6, 7, 9, 10, 12, 14, 15, 16, 18, 20, 23, 25, 31, 34, 78, 100, 109, 110, 111, 112, 113, 114, 117, 118, 121, 122, 123, 124, 127, 128, 133, 143, 147, 148, 150, 151, 152, 153, 154, 155, 156, 157, 158, 159, 160, 161, 162, 163, 164, 165, 166, 167, 169, 172, 173, 185, 186, 187, 188, 189, 190, 191, 192, 195, 196, 197, 198, 199, 200, 201, 202, 204, 205, 213, 216, 217, 220, 221, 224, 225, 226, 227, 228, 230, 233, 234, 235, 236, 237, 238, 240, 249, 250, 259, 262, 265, 267, 269, 270, 271, 272, 273, 274, 278], "summary": {"covered_lines": 109, "num_statements": 112, "percent_covered": 97.32142857142857, "percent_covered_display": "97", "missing_lines": 3, "excluded_lines": 0, "percent_statements_covered": 97.32142857142857, "percent_statements_covered_display": "97"}, "missing_lines": [170, 231, 277], "excluded_lines": [], "functions": {"_ytdlp_extract": {"executed_lines": [25], "summary": {"covered_lines": 1, "num_statements": 1, "percent_covered": 100.0, "percent_covered_display": "100", "missing_lines": 0, "excluded_lines": 0, "percent_statements_covered": 100.0, "percent_statements_covered_display": "100"}, "missing_lines": [], "excluded_lines": [], "start_line": 23}, "_stream_url_ttl": {"executed_lines": [109, 110, 111, 112, 113, 114], "summary": {"covered_lines": 6, "num_statements": 6, "percent_covered": 100.0, "percent_covered_display": "100", "missing_lines": 0, "excluded_lines": 0, "percent_statements_covered": 100.0, "percent_statements_covered_display": "100"}, "missing_lines": [], "excluded_lines": [], "start_line": 100}, "YTDL.__init__": {"executed_lines": [143, 147, 148, 150, 151, 152, 153, 154, 155, 156, 157, 158, 159, 160, 161, 162, 163, 164, 165, 166, 167], "summary": {"covered_lines": 21, "num_statements": 21, "percent_covered": 100.0, "percent_covered_display": "100", "missing_lines": 0, "excluded_lines": 0, "percent_statements_covered": 100.0, "percent_statements_covered_display": "100"}, "missing_lines": [], "excluded_lines": [], "start_line": 133}, "YTDL.__getitem__": {"executed_lines": [], "summary": {"covered_lines": 0, "num_statements": 1, "percent_covered": 0.0, "percent_covered_display": "0", "missing_lines": 1, "excluded_lines": 0, "percent_statements_covered": 0.0, "percent_statements_covered_display": "0"}, "missing_lines": [170], "excluded_lines": [], "start_line": 169}, "YTDL.prefetch_stream": {"executed_lines": [185, 186, 187, 188, 189, 190, 191, 192, 195, 196, 197, 198, 199, 200, 201, 202], "summary": {"covered_lines": 16, "num_statements": 16, "percent_covered": 100.0, "percent_covered_display": "100", "missing_lines": 0, "excluded_lines": 0, "percent_statements_covered": 100.0, "percent_statements_covered_display": "100"}, "missing_lines": [], "excluded_lines": [], "start_line": 173}, "YTDL.yt_stream": {"executed_lines": [213, 216, 217, 220, 221, 224, 225, 226, 227, 228, 230, 233, 234, 235, 236, 237, 238, 240], "summary": {"covered_lines": 18, "num_statements": 19, "percent_covered": 94.73684210526316, "percent_covered_display": "95", "missing_lines": 1, "excluded_lines": 0, "percent_statements_covered": 94.73684210526316, "percent_statements_covered_display": "95"}, "missing_lines": [231], "excluded_lines": [], "start_line": 205}, "YTDL.yt_source": {"executed_lines": [259, 262, 265, 267, 269, 270, 271, 272, 273, 274, 278], "summary": {"covered_lines": 11, "num_statements": 12, "percent_covered": 91.66666666666667, "percent_covered_display": "92", "missing_lines": 1, "excluded_lines": 0, "percent_statements_covered": 91.66666666666667, "percent_statements_covered_display": "92"}, "missing_lines": [277], "excluded_lines": [], "start_line": 250}, "": {"executed_lines": [1, 2, 3, 4, 5, 6, 7, 9, 10, 12, 14, 15, 16, 18, 20, 23, 31, 34, 78, 100, 117, 118, 121, 122, 123, 124, 127, 128, 133, 169, 172, 173, 204, 205, 249, 250], "summary": {"covered_lines": 36, "num_statements": 36, "percent_covered": 100.0, "percent_covered_display": "100", "missing_lines": 0, "excluded_lines": 0, "percent_statements_covered": 100.0, "percent_statements_covered_display": "100"}, "missing_lines": [], "excluded_lines": [], "start_line": 1}}, "classes": {"QueueObject": {"executed_lines": [], "summary": {"covered_lines": 0, "num_statements": 0, "percent_covered": 100.0, "percent_covered_display": "100", "missing_lines": 0, "excluded_lines": 0, "percent_statements_covered": 100.0, "percent_statements_covered_display": "100"}, "missing_lines": [], "excluded_lines": [], "start_line": 118}, "YTDL": {"executed_lines": [143, 147, 148, 150, 151, 152, 153, 154, 155, 156, 157, 158, 159, 160, 161, 162, 163, 164, 165, 166, 167, 185, 186, 187, 188, 189, 190, 191, 192, 195, 196, 197, 198, 199, 200, 201, 202, 213, 216, 217, 220, 221, 224, 225, 226, 227, 228, 230, 233, 234, 235, 236, 237, 238, 240, 259, 262, 265, 267, 269, 270, 271, 272, 273, 274, 278], "summary": {"covered_lines": 66, "num_statements": 69, "percent_covered": 95.65217391304348, "percent_covered_display": "96", "missing_lines": 3, "excluded_lines": 0, "percent_statements_covered": 95.65217391304348, "percent_statements_covered_display": "96"}, "missing_lines": [170, 231, 277], "excluded_lines": [], "start_line": 127}, "": {"executed_lines": [1, 2, 3, 4, 5, 6, 7, 9, 10, 12, 14, 15, 16, 18, 20, 23, 25, 31, 34, 78, 100, 109, 110, 111, 112, 113, 114, 117, 118, 121, 122, 123, 124, 127, 128, 133, 169, 172, 173, 204, 205, 249, 250], "summary": {"covered_lines": 43, "num_statements": 43, "percent_covered": 100.0, "percent_covered_display": "100", "missing_lines": 0, "excluded_lines": 0, "percent_statements_covered": 100.0, "percent_statements_covered_display": "100"}, "missing_lines": [], "excluded_lines": [], "start_line": 1}}}}, "totals": {"covered_lines": 674, "num_statements": 1079, "percent_covered": 62.46524559777572, "percent_covered_display": "62", "missing_lines": 405, "excluded_lines": 0, "percent_statements_covered": 62.46524559777572, "percent_statements_covered_display": "62"}}